This is pdfTeX, Version 3.14159265-2.6-1.40.21 (MiKTeX 2.9.7400 64-bit) (preloaded format=pdflatex 2020.5.3)  20 MAY 2020 12:39
entering extended mode
**./ana2-vl5.tex
(ana2-vl5.tex
LaTeX2e <2020-02-02> patch level 5
L3 programming layer <2020-04-06>
("C:\Program Files\MiKTeX 2.9\tex/latex/base\article.cls"
Document Class: article 2019/12/20 v1.4l Standard LaTeX document class
("C:\Program Files\MiKTeX 2.9\tex/latex/base\size12.clo"
File: size12.clo 2019/12/20 v1.4l Standard LaTeX file (size option)
)
\c@part=\count167
\c@section=\count168
\c@subsection=\count169
\c@subsubsection=\count170
\c@paragraph=\count171
\c@subparagraph=\count172
\c@figure=\count173
\c@table=\count174
\abovecaptionskip=\skip47
\belowcaptionskip=\skip48
\bibindent=\dimen134
)
("C:\Program Files\MiKTeX 2.9\tex/generic/babel\babel.sty"
Package: babel 2020/03/22 3.42 The Babel package

("C:\Program Files\MiKTeX 2.9\tex/generic/babel\switch.def"
File: switch.def 2020/03/22 3.42 Babel switching mechanism
)
*************************************
* Local config file bblopts.cfg used
*
("C:\Program Files\MiKTeX 2.9\tex/latex/arabi\bblopts.cfg"
File: bblopts.cfg 2005/09/08 v0.1 add Arabic and Farsi to "declared" options of
 babel
)
(C:\Users\steff\AppData\Roaming\MiKTeX\2.9\tex/latex/babel-german\german.ldf
Language: german 2018/12/08 v2.11 German support for babel (pre-1996 orthograph
y)

(C:\Users\steff\AppData\Roaming\MiKTeX\2.9\tex/latex/babel-german\germanb.ldf
Language: germanb 2018/12/08 v2.11 German support for babel (pre-1996 orthograp
hy)

("C:\Program Files\MiKTeX 2.9\tex/generic/babel\babel.def"
File: babel.def 2020/03/22 3.42 Babel common definitions
\babel@savecnt=\count175
\U@D=\dimen135

("C:\Program Files\MiKTeX 2.9\tex/generic/babel\txtbabel.def")
\bbl@readstream=\read2
\bbl@dirlevel=\count176
)
Package babel Info: Making " an active character on input line 135.
)))
("C:\Program Files\MiKTeX 2.9\tex/latex/base\inputenc.sty"
Package: inputenc 2018/08/11 v1.3c Input encoding file
\inpenc@prehook=\toks15
\inpenc@posthook=\toks16

("C:\Program Files\MiKTeX 2.9\tex/latex/base\latin1.def"
File: latin1.def 2018/08/11 v1.3c Input encoding file
))
("C:\Program Files\MiKTeX 2.9\tex/latex/graphics\graphicx.sty"
Package: graphicx 2019/11/30 v1.2a Enhanced LaTeX Graphics (DPC,SPQR)

("C:\Program Files\MiKTeX 2.9\tex/latex/graphics\keyval.sty"
Package: keyval 2014/10/28 v1.15 key=value parser (DPC)
\KV@toks@=\toks17
)
("C:\Program Files\MiKTeX 2.9\tex/latex/graphics\graphics.sty"
Package: graphics 2019/11/30 v1.4a Standard LaTeX Graphics (DPC,SPQR)

("C:\Program Files\MiKTeX 2.9\tex/latex/graphics\trig.sty"
Package: trig 2016/01/03 v1.10 sin cos tan (DPC)
)
("C:\Program Files\MiKTeX 2.9\tex/latex/graphics-cfg\graphics.cfg"
File: graphics.cfg 2016/06/04 v1.11 sample graphics configuration
)
Package graphics Info: Driver file: pdftex.def on input line 105.

("C:\Program Files\MiKTeX 2.9\tex/latex/graphics-def\pdftex.def"
File: pdftex.def 2018/01/08 v1.0l Graphics/color driver for pdftex
))
\Gin@req@height=\dimen136
\Gin@req@width=\dimen137
)
("C:\Program Files\MiKTeX 2.9\tex/latex/amsmath\amsmath.sty"
Package: amsmath 2020/01/20 v2.17e AMS math features
\@mathmargin=\skip49

For additional information on amsmath, use the `?' option.
("C:\Program Files\MiKTeX 2.9\tex/latex/amsmath\amstext.sty"
Package: amstext 2000/06/29 v2.01 AMS text

("C:\Program Files\MiKTeX 2.9\tex/latex/amsmath\amsgen.sty"
File: amsgen.sty 1999/11/30 v2.0 generic functions
\@emptytoks=\toks18
\ex@=\dimen138
))
("C:\Program Files\MiKTeX 2.9\tex/latex/amsmath\amsbsy.sty"
Package: amsbsy 1999/11/29 v1.2d Bold Symbols
\pmbraise@=\dimen139
)
("C:\Program Files\MiKTeX 2.9\tex/latex/amsmath\amsopn.sty"
Package: amsopn 2016/03/08 v2.02 operator names
)
\inf@bad=\count177
LaTeX Info: Redefining \frac on input line 227.
\uproot@=\count178
\leftroot@=\count179
LaTeX Info: Redefining \overline on input line 389.
\classnum@=\count180
\DOTSCASE@=\count181
LaTeX Info: Redefining \ldots on input line 486.
LaTeX Info: Redefining \dots on input line 489.
LaTeX Info: Redefining \cdots on input line 610.
\Mathstrutbox@=\box45
\strutbox@=\box46
\big@size=\dimen140
LaTeX Font Info:    Redeclaring font encoding OML on input line 733.
LaTeX Font Info:    Redeclaring font encoding OMS on input line 734.
\macc@depth=\count182
\c@MaxMatrixCols=\count183
\dotsspace@=\muskip16
\c@parentequation=\count184
\dspbrk@lvl=\count185
\tag@help=\toks19
\row@=\count186
\column@=\count187
\maxfields@=\count188
\andhelp@=\toks20
\eqnshift@=\dimen141
\alignsep@=\dimen142
\tagshift@=\dimen143
\tagwidth@=\dimen144
\totwidth@=\dimen145
\lineht@=\dimen146
\@envbody=\toks21
\multlinegap=\skip50
\multlinetaggap=\skip51
\mathdisplay@stack=\toks22
LaTeX Info: Redefining \[ on input line 2859.
LaTeX Info: Redefining \] on input line 2860.
)
("C:\Program Files\MiKTeX 2.9\tex/latex/amsfonts\amsfonts.sty"
Package: amsfonts 2013/01/14 v3.01 Basic AMSFonts support
\symAMSa=\mathgroup4
\symAMSb=\mathgroup5
LaTeX Font Info:    Redeclaring math symbol \hbar on input line 98.
LaTeX Font Info:    Overwriting math alphabet `\mathfrak' in version `bold'
(Font)                  U/euf/m/n --> U/euf/b/n on input line 106.
)
(C:\Users\steff\AppData\Roaming\MiKTeX\2.9\tex/latex/amscls\amsthm.sty
Package: amsthm 2017/10/31 v2.20.4
\thm@style=\toks23
\thm@bodyfont=\toks24
\thm@headfont=\toks25
\thm@notefont=\toks26
\thm@headpunct=\toks27
\thm@preskip=\skip52
\thm@postskip=\skip53
\thm@headsep=\skip54
\dth@everypar=\toks28
)
("C:\Program Files\MiKTeX 2.9\tex/latex/url\url.sty"
\Urlmuskip=\muskip17
Package: url 2013/09/16  ver 3.4  Verb mode for urls, etc.
)
\c@satz=\count189
\c@ubg=\count190

("C:\Program Files\MiKTeX 2.9\tex/latex/l3backend\l3backend-pdfmode.def"
File: l3backend-pdfmode.def 2020-03-12 L3 backend support: PDF mode
\l__kernel_color_stack_int=\count191
\l__pdf_internal_box=\box47
)
No file ana2-vl5.aux.
\openout1 = `ana2-vl5.aux'.

LaTeX Font Info:    Checking defaults for OML/cmm/m/it on input line 161.
LaTeX Font Info:    ... okay on input line 161.
LaTeX Font Info:    Checking defaults for OMS/cmsy/m/n on input line 161.
LaTeX Font Info:    ... okay on input line 161.
LaTeX Font Info:    Checking defaults for OT1/cmr/m/n on input line 161.
LaTeX Font Info:    ... okay on input line 161.
LaTeX Font Info:    Checking defaults for T1/cmr/m/n on input line 161.
LaTeX Font Info:    ... okay on input line 161.
LaTeX Font Info:    Checking defaults for TS1/cmr/m/n on input line 161.
LaTeX Font Info:    ... okay on input line 161.
LaTeX Font Info:    Checking defaults for OMX/cmex/m/n on input line 161.
LaTeX Font Info:    ... okay on input line 161.
LaTeX Font Info:    Checking defaults for U/cmr/m/n on input line 161.
LaTeX Font Info:    ... okay on input line 161.
("C:\Program Files\MiKTeX 2.9\tex/context/base/mkii\supp-pdf.mkii"
[Loading MPS to PDF converter (version 2006.09.02).]
\scratchcounter=\count192
\scratchdimen=\dimen147
\scratchbox=\box48
\nofMPsegments=\count193
\nofMParguments=\count194
\everyMPshowfont=\toks29
\MPscratchCnt=\count195
\MPscratchDim=\dimen148
\MPnumerator=\count196
\makeMPintoPDFobject=\count197
\everyMPtoPDFconversion=\toks30
) ("C:\Program Files\MiKTeX 2.9\tex/latex/epstopdf-pkg\epstopdf-base.sty"
Package: epstopdf-base 2020-01-24 v2.11 Base part for package epstopdf
Package epstopdf-base Info: Redefining graphics rule for `.eps' on input line 4
85.
)
[1

{C:/Users/steff/AppData/Local/MiKTeX/2.9/pdftex/config/pdftex.map}]
No file ana2-vl5.toc.
\tf@toc=\write3
\openout3 = `ana2-vl5.toc'.

[2

]
LaTeX Font Info:    Trying to load font information for U+msa on input line 213
.
 ("C:\Program Files\MiKTeX 2.9\tex/latex/amsfonts\umsa.fd"
File: umsa.fd 2013/01/14 v3.01 AMS symbols A
)
LaTeX Font Info:    Trying to load font information for U+msb on input line 213
.

("C:\Program Files\MiKTeX 2.9\tex/latex/amsfonts\umsb.fd"
File: umsb.fd 2013/01/14 v3.01 AMS symbols B
) [1] [2] [3] [4]

LaTeX Warning: Reference `eq001' on page 5 undefined on input line 397.

[5] [6]

LaTeX Warning: Reference `eq-pbz' on page 7 undefined on input line 501.


LaTeX Warning: Reference `eq-pbz' on page 7 undefined on input line 502.

[7]

LaTeX Warning: Reference `bsp-in' on page 8 undefined on input line 515.

[8]
Package epstopdf Info: Source file: <fig1.eps>
(epstopdf)                    date: 2020-05-20 12:39:35
(epstopdf)                    size: 5414603 bytes
(epstopdf)             Output file: <fig1-eps-converted-to.pdf>
(epstopdf)             Command: <epstopdf --outfile=fig1-eps-converted-to.pdf f
ig1.eps>
(epstopdf)             \includegraphics on input line 567.
runsystem(epstopdf --outfile=fig1-eps-converted-to.pdf fig1.eps)...executed (al
lowed).

Package epstopdf Info: Result file: <fig1-eps-converted-to.pdf>
(epstopdf)                    date: 2020-05-20 12:39:58
(epstopdf)                    size: 137768 bytes.


pdfTeX warning: pdflatex (file ./fig1-eps-converted-to.pdf): PDF inclusion: fou
nd PDF version <1.7>, but at most version <1.5> allowed
<fig1-eps-converted-to.pdf, id=51, 340.27126pt x 221.82875pt>
Package epstopdf Info: Source file: <fig2.eps>
(epstopdf)                    date: 2020-05-20 12:39:35
(epstopdf)                    size: 5390204 bytes
(epstopdf)             Output file: <fig2-eps-converted-to.pdf>
(epstopdf)             Command: <epstopdf --outfile=fig2-eps-converted-to.pdf f
ig2.eps>
(epstopdf)             \includegraphics on input line 578.
runsystem(epstopdf --outfile=fig2-eps-converted-to.pdf fig2.eps)...executed (al
lowed).

Package epstopdf Info: Result file: <fig2-eps-converted-to.pdf>
(epstopdf)                    date: 2020-05-20 12:40:04
(epstopdf)                    size: 174545 bytes.


pdfTeX warning: pdflatex (file ./fig2-eps-converted-to.pdf): PDF inclusion: fou
nd PDF version <1.7>, but at most version <1.5> allowed
<fig2-eps-converted-to.pdf, id=52, 289.08pt x 258.9675pt>

Overfull \hbox (13.23459pt too wide) in paragraph at lines 578--578
[][] 
 []

[9]

LaTeX Warning: Reference `def-treppe1' on page 10 undefined on input line 603.

Package epstopdf Info: Source file: <fig3.eps>
(epstopdf)                    date: 2020-05-20 12:39:35
(epstopdf)                    size: 1732980 bytes
(epstopdf)             Output file: <fig3-eps-converted-to.pdf>
(epstopdf)             Command: <epstopdf --outfile=fig3-eps-converted-to.pdf f
ig3.eps>
(epstopdf)             \includegraphics on input line 617.
runsystem(epstopdf --outfile=fig3-eps-converted-to.pdf fig3.eps)...executed (al
lowed).

Package epstopdf Info: Result file: <fig3-eps-converted-to.pdf>
(epstopdf)                    date: 2020-05-20 12:40:07
(epstopdf)                    size: 14267 bytes.


pdfTeX warning: pdflatex (file ./fig3-eps-converted-to.pdf): PDF inclusion: fou
nd PDF version <1.7>, but at most version <1.5> allowed
<fig3-eps-converted-to.pdf, id=57, 541.02126pt x 333.245pt>
Package epstopdf Info: Source file: <fig4.eps>
(epstopdf)                    date: 2020-05-20 12:39:35
(epstopdf)                    size: 2326540 bytes
(epstopdf)             Output file: <fig4-eps-converted-to.pdf>
(epstopdf)             Command: <epstopdf --outfile=fig4-eps-converted-to.pdf f
ig4.eps>
(epstopdf)             \includegraphics on input line 627.
runsystem(epstopdf --outfile=fig4-eps-converted-to.pdf fig4.eps)...executed (al
lowed).

Package epstopdf Info: Result file: <fig4-eps-converted-to.pdf>
(epstopdf)                    date: 2020-05-20 12:40:10
(epstopdf)                    size: 14716 bytes.


pdfTeX warning: pdflatex (file ./fig4-eps-converted-to.pdf): PDF inclusion: fou
nd PDF version <1.7>, but at most version <1.5> allowed
<fig4-eps-converted-to.pdf, id=58, 541.02126pt x 409.53pt>
[10]

LaTeX Warning: Reference `def-treppe1' on page 11 undefined on input line 659.

[11]

LaTeX Warning: Reference `def-intrep' on page 12 undefined on input line 694.

[12]

LaTeX Warning: Reference `int-regel' on page 13 undefined on input line 731.

[13] [14]

LaTeX Warning: Reference `satz111' on page 15 undefined on input line 855.


LaTeX Warning: Reference `lem-inti' on page 15 undefined on input line 862.

[15]
Package epstopdf Info: Source file: <fig6.eps>
(epstopdf)                    date: 2020-05-20 12:39:35
(epstopdf)                    size: 2762377 bytes
(epstopdf)             Output file: <fig6-eps-converted-to.pdf>
(epstopdf)             Command: <epstopdf --outfile=fig6-eps-converted-to.pdf f
ig6.eps>
(epstopdf)             \includegraphics on input line 902.
runsystem(epstopdf --outfile=fig6-eps-converted-to.pdf fig6.eps)...executed (al
lowed).

Package epstopdf Info: Result file: <fig6-eps-converted-to.pdf>
(epstopdf)                    date: 2020-05-20 12:40:14
(epstopdf)                    size: 23570 bytes.


pdfTeX warning: pdflatex (file ./fig6-eps-converted-to.pdf): PDF inclusion: fou
nd PDF version <1.7>, but at most version <1.5> allowed
<fig6-eps-converted-to.pdf, id=79, 541.02126pt x 299.1175pt>
Package epstopdf Info: Source file: <fig5.eps>
(epstopdf)                    date: 2020-05-20 12:39:35
(epstopdf)                    size: 2490372 bytes
(epstopdf)             Output file: <fig5-eps-converted-to.pdf>
(epstopdf)             Command: <epstopdf --outfile=fig5-eps-converted-to.pdf f
ig5.eps>
(epstopdf)             \includegraphics on input line 910.
runsystem(epstopdf --outfile=fig5-eps-converted-to.pdf fig5.eps)...executed (al
lowed).

Package epstopdf Info: Result file: <fig5-eps-converted-to.pdf>
(epstopdf)                    date: 2020-05-20 12:40:17
(epstopdf)                    size: 14391 bytes.


pdfTeX warning: pdflatex (file ./fig5-eps-converted-to.pdf): PDF inclusion: fou
nd PDF version <1.7>, but at most version <1.5> allowed
<fig5-eps-converted-to.pdf, id=80, 364.36125pt x 287.0725pt>
[16]

LaTeX Warning: Reference `bmk19' on page 17 undefined on input line 914.

[17]

LaTeX Warning: Reference `lem-inti' on page 18 undefined on input line 938.


LaTeX Warning: Reference `fabc' on page 18 undefined on input line 974.


Underfull \hbox (badness 2469) in paragraph at lines 976--979
[]\OT1/cmr/m/n/12 Sei jetzt $\OML/cmm/m/it/12 f \OMS/cmsy/m/n/12 2 \OML/cmm/m/i
t/12 R\OT1/cmr/m/n/12 [\OML/cmm/m/it/12 a; c\OT1/cmr/m/n/12 ]$, dann gibt es ei
-ne Fol-ge $(\OML/cmm/m/it/12 f[]\OT1/cmr/m/n/12 ) \OMS/cmsy/m/n/12  \OML/cmm/
m/it/12 T\OT1/cmr/m/n/12 [\OML/cmm/m/it/12 a; c\OT1/cmr/m/n/12 ]$ mit
 []

[18]

LaTeX Warning: Reference `fabc' on page 19 undefined on input line 991.

[19]

LaTeX Warning: Reference `hsatz' on page 20 undefined on input line 1053.


LaTeX Warning: Reference `hkorol1' on page 20 undefined on input line 1059.

[20]

LaTeX Warning: Reference `hkorol2' on page 21 undefined on input line 1100.

[21] [22]

LaTeX Warning: Reference `satz-fli' on page 23 undefined on input line 1184.


LaTeX Warning: Reference `bsp-41' on page 23 undefined on input line 1198.

[23]
Underfull \hbox (badness 1377) in paragraph at lines 1239--1241
\OT1/cmr/m/n/12 wobei $\OML/cmm/m/it/12 $ \OT1/cmr/m/n/12 zwi-schen $\OML/cmm/
m/it/12 x$ \OT1/cmr/m/n/12 und $\OML/cmm/m/it/12 x[]$ \OT1/cmr/m/n/12 liegt: di
e bei-den Rest-glie-der m[]ussen nat[]urlich
 []


LaTeX Warning: Reference `eqfg' on page 24 undefined on input line 1254.

[24]

LaTeX Warning: Reference `tayfrn' on page 25 undefined on input line 1273.


LaTeX Warning: Reference `mitint' on page 25 undefined on input line 1281.

[25] [26] [27] [28]

LaTeX Warning: Reference `supint' on page 29 undefined on input line 1469.

[29]
Underfull \hbox (badness 2799) in paragraph at lines 1501--1505
\OT1/cmr/m/n/12 Die Kon-ver-genz des Dirichlet-Integrals ist da-mit auf die Kon
-ver-genz von
 []

[30]

LaTeX Warning: Reference `bsx' on page 31 undefined on input line 1529.


LaTeX Warning: Reference `bsx' on page 31 undefined on input line 1531.

[31]

LaTeX Warning: Reference `bsx' on page 32 undefined on input line 1594.

[32]

LaTeX Warning: Reference `temp00' on page 33 undefined on input line 1602.

[33]

LaTeX Warning: Reference `upr1' on page 34 undefined on input line 1634.


LaTeX Warning: Reference `dirint' on page 34 undefined on input line 1642.

[34]

LaTeX Warning: Reference `gdg' on page 35 undefined on input line 1669.


LaTeX Warning: Reference `gdg' on page 35 undefined on input line 1675.

[35]

LaTeX Warning: Reference `ldgl' on page 36 undefined on input line 1733.

[36]

LaTeX Warning: Reference `ldgl' on page 37 undefined on input line 1767.


LaTeX Warning: Reference `ldgl' on page 37 undefined on input line 1775.


LaTeX Warning: Reference `ldgl' on page 37 undefined on input line 1775.


LaTeX Warning: Reference `ldgl0' on page 37 undefined on input line 1775.


LaTeX Warning: Reference `ldgl0' on page 37 undefined on input line 1781.


LaTeX Warning: Reference `ldgl' on page 37 undefined on input line 1785.


LaTeX Warning: Reference `ldgl' on page 37 undefined on input line 1785.


LaTeX Warning: Reference `ldgl0' on page 37 undefined on input line 1790.

[37]

LaTeX Warning: Reference `ldgl' on page 38 undefined on input line 1800.


LaTeX Warning: Reference `ldgl0' on page 38 undefined on input line 1809.


LaTeX Warning: Reference `ldgl0' on page 38 undefined on input line 1813.


LaTeX Warning: Reference `ldgl0' on page 38 undefined on input line 1818.


LaTeX Warning: Reference `ldgl0' on page 38 undefined on input line 1822.


LaTeX Warning: Reference `ldgl' on page 38 undefined on input line 1823.


LaTeX Warning: Reference `ldgl' on page 38 undefined on input line 1826.


LaTeX Warning: Reference `ldgl' on page 38 undefined on input line 1828.


LaTeX Warning: Reference `ldgl' on page 38 undefined on input line 1832.

[38]

LaTeX Warning: Reference `ldgl' on page 39 undefined on input line 1839.


LaTeX Warning: Reference `ldgl' on page 39 undefined on input line 1850.


LaTeX Warning: Reference `eqc0' on page 39 undefined on input line 1859.


LaTeX Warning: Reference `ldgl' on page 39 undefined on input line 1876.

[39]

LaTeX Warning: Reference `separ0' on page 40 undefined on input line 1899.


LaTeX Warning: Reference `separ0' on page 40 undefined on input line 1904.

[40] [41] [42] (ana2-vl5.aux)

LaTeX Warning: There were undefined references.


LaTeX Warning: Label(s) may have changed. Rerun to get cross-references right.

 ) 
Here is how much of TeX's memory you used:
 2923 strings out of 480930
 39220 string characters out of 2909548
 298208 words of memory out of 3000000
 18751 multiletter control sequences out of 15000+200000
 541754 words of font info for 60 fonts, out of 3000000 for 9000
 1141 hyphenation exceptions out of 8191
 30i,19n,28p,493b,340s stack positions out of 5000i,500n,10000p,200000b,50000s
 <C:\Users\steff\AppData\Local\MiKTeX\2.9\fonts/pk/ljfour/jknappen/ec/dpi600\
tcrm1200.pk><C:/Program Files/MiKTeX 2.9/fonts/type1/public/amsfonts/cm/cmbx12.
pfb><C:/Program Files/MiKTeX 2.9/fonts/type1/public/amsfonts/cm/cmex10.pfb><C:/
Program Files/MiKTeX 2.9/fonts/type1/public/amsfonts/cm/cmmi10.pfb><C:/Program 
Files/MiKTeX 2.9/fonts/type1/public/amsfonts/cm/cmmi12.pfb><C:/Program Files/Mi
KTeX 2.9/fonts/type1/public/amsfonts/cm/cmmi6.pfb><C:/Program Files/MiKTeX 2.9/
fonts/type1/public/amsfonts/cm/cmmi7.pfb><C:/Program Files/MiKTeX 2.9/fonts/typ
e1/public/amsfonts/cm/cmmi8.pfb><C:/Program Files/MiKTeX 2.9/fonts/type1/public
/amsfonts/cm/cmr10.pfb><C:/Program Files/MiKTeX 2.9/fonts/type1/public/amsfonts
/cm/cmr12.pfb><C:/Program Files/MiKTeX 2.9/fonts/type1/public/amsfonts/cm/cmr6.
pfb><C:/Program Files/MiKTeX 2.9/fonts/type1/public/amsfonts/cm/cmr7.pfb><C:/Pr
ogram Files/MiKTeX 2.9/fonts/type1/public/amsfonts/cm/cmr8.pfb><C:/Program File
s/MiKTeX 2.9/fonts/type1/public/amsfonts/cm/cmsy10.pfb><C:/Program Files/MiKTeX
 2.9/fonts/type1/public/amsfonts/cm/cmsy6.pfb><C:/Program Files/MiKTeX 2.9/font
s/type1/public/amsfonts/cm/cmsy7.pfb><C:/Program Files/MiKTeX 2.9/fonts/type1/p
ublic/amsfonts/cm/cmsy8.pfb><C:/Program Files/MiKTeX 2.9/fonts/type1/public/ams
fonts/cm/cmti12.pfb><C:/Program Files/MiKTeX 2.9/fonts/type1/public/amsfonts/cm
/cmtt12.pfb><C:/Program Files/MiKTeX 2.9/fonts/type1/public/amsfonts/symbols/ms
bm10.pfb>
Output written on ana2-vl5.pdf (44 pages, 382313 bytes).
PDF statistics:
 232 PDF objects out of 1000 (max. 8388607)
 0 named destinations out of 1000 (max. 500000)
 31 words of extra memory for PDF output out of 10000 (max. 10000000)

